<?xml version="1.0" encoding="UTF-8"?>
<!-- Generated by org.testng.reporters.JUnitReportReporter -->
<testsuite hostname="DESKTOP-O6US0VA" name="com.DataDriven.NewTours_NewUserRegistration_MultipleTestData" tests="2" failures="0" timestamp="15 Mar 2018 02:30:04 GMT" time="49.145" errors="0">
  <testcase name="Register" time="0.577" classname="com.DataDriven.NewTours_NewUserRegistration_MultipleTestData"/>
  <testcase name="UserRegistration" time="48.568" classname="com.DataDriven.NewTours_NewUserRegistration_MultipleTestData"/>
</testsuite> <!-- com.DataDriven.NewTours_NewUserRegistration_MultipleTestData -->
