<?xml version="1.0" encoding="UTF-8"?>
<!-- Generated by org.testng.reporters.JUnitReportReporter -->
<testsuite hostname="DESKTOP-O6US0VA" name="com.TestNGAnnotations.Annotations3" tests="2" failures="0" timestamp="27 Jan 2018 02:07:47 GMT" time="0.042" errors="0">
  <testcase name="ComposeMail" time="0.034" classname="com.TestNGAnnotations.Annotations3"/>
  <testcase name="InBox" time="0.008" classname="com.TestNGAnnotations.Annotations3"/>
</testsuite> <!-- com.TestNGAnnotations.Annotations3 -->
