<?xml version="1.0" encoding="UTF-8"?>
<!-- Generated by org.testng.reporters.JUnitReportReporter -->
<testsuite hostname="DESKTOP-O6US0VA" name="com.DataDriven.NewUserRegistration" tests="2" failures="0" timestamp="14 Mar 2018 01:58:46 GMT" time="7.118" errors="0">
  <testcase name="UserRegistration" time="5.734" classname="com.DataDriven.NewUserRegistration"/>
  <testcase name="Register" time="1.384" classname="com.DataDriven.NewUserRegistration"/>
</testsuite> <!-- com.DataDriven.NewUserRegistration -->
