<?xml version="1.0" encoding="UTF-8"?>
<!-- Generated by org.testng.reporters.JUnitReportReporter -->
<testsuite hostname="DESKTOP-O6US0VA" name="com.TestNGAnnoations.Annotations3" tests="3" failures="0" timestamp="9 Mar 2018 02:13:28 GMT" time="0.022" errors="0">
  <testcase name="SentMail" time="0.011" classname="com.TestNGAnnoations.Annotations3"/>
  <testcase name="InBox" time="0.007" classname="com.TestNGAnnoations.Annotations3"/>
  <testcase name="ComposeMail" time="0.004" classname="com.TestNGAnnoations.Annotations3"/>
</testsuite> <!-- com.TestNGAnnoations.Annotations3 -->
