<?xml version="1.0" encoding="UTF-8"?>
<!-- Generated by org.testng.reporters.JUnitReportReporter -->
<testsuite hostname="DESKTOP-O6US0VA" name="com.TestNGAnnotations.Annotations1" tests="3" failures="0" timestamp="27 Jan 2018 01:59:59 GMT" time="0.016" errors="0">
  <testcase name="BrowserLaunch" time="0.012" classname="com.TestNGAnnotations.Annotations1"/>
  <testcase name="LogIN" time="0.003" classname="com.TestNGAnnotations.Annotations1"/>
  <testcase name="ComposeMail" time="0.001" classname="com.TestNGAnnotations.Annotations1"/>
</testsuite> <!-- com.TestNGAnnotations.Annotations1 -->
