<?xml version="1.0" encoding="UTF-8"?>
<!-- Generated by org.testng.reporters.JUnitReportReporter -->
<testsuite hostname="DESKTOP-O6US0VA" name="com.TestNGAnnotations.NewToursLogInTest" tests="1" failures="0" timestamp="27 Jan 2018 02:42:04 GMT" time="6.945" errors="0">
  <testcase name="LogIn" time="6.945" classname="com.TestNGAnnotations.NewToursLogInTest"/>
</testsuite> <!-- com.TestNGAnnotations.NewToursLogInTest -->
