<?xml version="1.0" encoding="UTF-8"?>
<!-- Generated by org.testng.reporters.JUnitReportReporter -->
<testsuite hostname="DESKTOP-O6US0VA" name="com.TestNGAnnoations.NewToursApplicationLogInTest" tests="1" failures="0" timestamp="9 Mar 2018 02:47:14 GMT" time="4.593" errors="0">
  <testcase name="LogInTest" time="4.593" classname="com.TestNGAnnoations.NewToursApplicationLogInTest"/>
</testsuite> <!-- com.TestNGAnnoations.NewToursApplicationLogInTest -->
