<?xml version="1.0" encoding="UTF-8"?>
<!-- Generated by org.testng.reporters.JUnitReportReporter -->
<testsuite hostname="DESKTOP-O6US0VA" name="com.TestNGAnnoations.Annotations1" tests="3" failures="0" timestamp="9 Mar 2018 02:01:49 GMT" time="0.022" errors="0">
  <testcase name="BrowserLaunch" time="0.012" classname="com.TestNGAnnoations.Annotations1"/>
  <testcase name="LogIn" time="0.004" classname="com.TestNGAnnoations.Annotations1"/>
  <testcase name="InBox" time="0.006" classname="com.TestNGAnnoations.Annotations1"/>
</testsuite> <!-- com.TestNGAnnoations.Annotations1 -->
