<?xml version="1.0" encoding="UTF-8"?>
<!-- Generated by org.testng.reporters.JUnitReportReporter -->
<testsuite hostname="DESKTOP-O6US0VA" name="com.TestNGAnnoations.Annotations2" tests="3" failures="0" timestamp="9 Mar 2018 02:06:32 GMT" time="0.033" errors="0">
  <testcase name="InBox" time="0.006" classname="com.TestNGAnnoations.Annotations2"/>
  <testcase name="LogIn" time="0.022" classname="com.TestNGAnnoations.Annotations2"/>
  <testcase name="ComposeMail" time="0.005" classname="com.TestNGAnnoations.Annotations2"/>
</testsuite> <!-- com.TestNGAnnoations.Annotations2 -->
