<?xml version="1.0" encoding="UTF-8"?>
<!-- Generated by org.testng.reporters.JUnitReportReporter -->
<testsuite hostname="DESKTOP-O6US0VA" name="com.TestNGAnnotations.Annotations2" tests="2" failures="0" timestamp="27 Jan 2018 02:03:56 GMT" time="0.013" errors="0">
  <testcase name="InBox" time="0.004" classname="com.TestNGAnnotations.Annotations2"/>
  <testcase name="ComposeMail" time="0.009" classname="com.TestNGAnnotations.Annotations2"/>
</testsuite> <!-- com.TestNGAnnotations.Annotations2 -->
