<?xml version="1.0" encoding="UTF-8"?>
<!-- Generated by org.testng.reporters.JUnitReportReporter -->
<testsuite hostname="DESKTOP-O6US0VA" name="com.KeyWord.NewToursLogInTest" tests="1" failures="0" timestamp="15 Mar 2018 02:30:04 GMT" time="26.677" errors="0">
  <testcase name="LogIn" time="26.677" classname="com.KeyWord.NewToursLogInTest"/>
</testsuite> <!-- com.KeyWord.NewToursLogInTest -->
