<?xml version="1.0" encoding="UTF-8"?>
<!-- Generated by org.testng.reporters.JUnitReportReporter -->
<testsuite hostname="DESKTOP-O6US0VA" name="com.POM.NewToursHomePageTesting" tests="1" failures="0" timestamp="20 Mar 2018 02:09:12 GMT" time="24.453" errors="0">
  <testcase name="HomePageTesting" time="24.453" classname="com.POM.NewToursHomePageTesting"/>
</testsuite> <!-- com.POM.NewToursHomePageTesting -->
